TN:
SF:src\index.ts
FN:7,(anonymous_7)
FN:11,(anonymous_8)
FN:13,(anonymous_9)
FN:20,(anonymous_10)
FN:24,(anonymous_11)
FN:28,(anonymous_12)
FN:32,(anonymous_13)
FN:36,(anonymous_14)
FNF:8
FNH:7
FNDA:6,(anonymous_7)
FNDA:2,(anonymous_8)
FNDA:4,(anonymous_9)
FNDA:1,(anonymous_10)
FNDA:1,(anonymous_11)
FNDA:1,(anonymous_12)
FNDA:0,(anonymous_13)
FNDA:1,(anonymous_14)
DA:1,1
DA:2,1
DA:3,1
DA:4,1
DA:6,1
DA:8,6
DA:12,2
DA:13,2
DA:14,4
DA:15,4
DA:17,2
DA:21,1
DA:25,1
DA:29,1
DA:33,0
DA:37,1
LF:16
LH:15
BRF:0
BRH:0
end_of_record
