TN:
SF:src\index.ts
FN:2,(anonymous_0)
FN:4,(anonymous_1)
FN:10,(anonymous_2)
FN:19,(anonymous_3)
FN:33,(anonymous_4)
FN:37,(anonymous_5)
FNF:6
FNH:6
FNDA:2,(anonymous_0)
FNDA:3,(anonymous_1)
FNDA:2,(anonymous_2)
FNDA:1,(anonymous_3)
FNDA:1,(anonymous_4)
FNDA:5,(anonymous_5)
DA:1,1
DA:3,2
DA:4,2
DA:5,3
DA:7,2
DA:11,2
DA:12,4
DA:13,8
DA:16,1
DA:20,1
DA:24,1
DA:25,1
DA:26,5
DA:27,3
DA:30,1
DA:34,1
DA:35,1
DA:37,1
DA:38,5
DA:42,1
DA:43,5
DA:44,5
DA:45,2
DA:46,3
DA:47,3
DA:48,3
DA:49,3
DA:54,1
LF:28
LH:28
BRDA:13,0,0,1
BRDA:13,0,1,7
BRDA:13,1,0,8
BRDA:13,1,1,4
BRDA:26,2,0,3
BRDA:26,2,1,2
BRDA:44,3,0,2
BRDA:44,3,1,3
BRDA:46,4,0,3
BRDA:46,4,1,0
BRDA:48,5,0,2
BRDA:48,5,1,1
BRF:12
BRH:11
end_of_record
