SF:D:\development\p4rm\@p4rm\utils\common-utils\mod.ts
FNF:0
FNH:0
BRF:0
BRH:0
DA:1,1
DA:3,1
LH:2
LF:2
end_of_record
SF:D:\development\p4rm\@p4rm\utils\common-utils\src\index.ts
FN:3,underscoreToCamelCase
FN:11,hasDuplicates
FN:20,findDuplicates
FN:34,flatToHierarchy
FNDA:2,underscoreToCamelCase
FNDA:2,hasDuplicates
FNDA:1,findDuplicates
FNDA:1,flatToHierarchy
FNF:4
FNH:4
BRDA:12,3,0,4
BRDA:13,3,1,8
BRDA:13,3,2,4
BRDA:14,3,3,1
BRDA:15,3,4,3
BRDA:16,3,5,1
BRDA:26,4,0,5
BRDA:27,4,1,3
BRDA:43,5,0,5
BRDA:45,5,1,2
BRDA:46,5,2,3
BRDA:49,5,3,2
BRF:12
BRH:12
DA:1,1
DA:2,1
DA:3,3
DA:4,3
DA:5,6
DA:6,3
DA:7,3
DA:8,1
DA:10,1
DA:11,3
DA:12,7
DA:13,15
DA:14,7
DA:15,3
DA:16,4
DA:17,1
DA:19,1
DA:20,2
DA:24,2
DA:25,2
DA:26,7
DA:27,10
DA:28,7
DA:29,2
DA:30,2
DA:31,1
DA:33,1
DA:34,2
DA:35,2
DA:37,2
DA:38,7
DA:39,2
DA:42,2
DA:43,7
DA:44,7
DA:45,9
DA:46,7
DA:47,10
DA:48,10
DA:49,10
DA:50,7
DA:51,2
DA:54,2
DA:55,1
DA:56,1
LH:45
LF:45
end_of_record
